<?xml version="1.0" encoding="UTF-8"?>
<!-- Generated by org.testng.reporters.JUnitXMLReporter -->
<testsuite hostname="ADMIN-PC" name="Test1-abc" tests="5" failures="0" timestamp="19 Aug 2017 13:32:13 GMT" time="0.037" errors="0">
  <testcase name="myTestMethod3" time="0.001" classname="artifact1.Class1"/>
  <testcase name="myTestMethod4" time="0.001" classname="artifact1.Class1"/>
  <testcase name="Login1" time="0.006" classname="artifact1.Class2"/>
  <testcase name="mul1" time="0.001" classname="artifact1.Class2"/>
  <testcase name="sum1" time="0.0" classname="artifact1.Class2"/>
</testsuite> <!-- Test1-abc -->
