<?xml version="1.0" encoding="UTF-8"?>
<!-- Generated by org.testng.reporters.JUnitXMLReporter -->
<testsuite hostname="ADMIN-PC" name="Test1-abc" tests="5" failures="0" timestamp="19 Aug 2017 09:45:16 GMT" time="0.051" errors="0">
  <testcase name="myTestMethod3" time="0.007" classname="artifact1.Class1"/>
  <testcase name="Login1" time="0.008" classname="artifact1.Class2"/>
  <testcase name="mul1" time="0.002" classname="artifact1.Class2"/>
  <testcase name="myTestMethod4" time="0.005" classname="artifact1.Class1"/>
  <testcase name="sum1" time="0.003" classname="artifact1.Class2"/>
</testsuite> <!-- Test1-abc -->
