<?xml version="1.0" encoding="UTF-8"?>
<testng-results skipped="0" failed="0" total="5" passed="5">
  <reporter-output>
  </reporter-output>
  <suite name="Suite" duration-ms="37" started-at="2017-08-19T13:32:13Z" finished-at="2017-08-19T13:32:13Z">
    <groups>
    </groups>
    <test name="Test1-abc" duration-ms="37" started-at="2017-08-19T13:32:13Z" finished-at="2017-08-19T13:32:13Z">
      <class name="artifact1.Class1">
        <test-method status="PASS" signature="beforeSuite()[pri:0, instance:artifact1.Class1@b684286]" name="beforeSuite" is-config="true" duration-ms="14" started-at="2017-08-19T19:02:13Z" finished-at="2017-08-19T19:02:13Z">
          <reporter-output>
          </reporter-output>
        </test-method> <!-- beforeSuite -->
        <test-method status="PASS" signature="beforeTest()[pri:0, instance:artifact1.Class1@b684286]" name="beforeTest" is-config="true" duration-ms="1" started-at="2017-08-19T19:02:13Z" finished-at="2017-08-19T19:02:13Z">
          <reporter-output>
          </reporter-output>
        </test-method> <!-- beforeTest -->
        <test-method status="PASS" signature="beforeClass()[pri:0, instance:artifact1.Class1@b684286]" name="beforeClass" is-config="true" duration-ms="0" started-at="2017-08-19T19:02:13Z" finished-at="2017-08-19T19:02:13Z">
          <reporter-output>
          </reporter-output>
        </test-method> <!-- beforeClass -->
        <test-method status="PASS" signature="beforeMethod()[pri:0, instance:artifact1.Class1@b684286]" name="beforeMethod" is-config="true" duration-ms="0" started-at="2017-08-19T19:02:13Z" finished-at="2017-08-19T19:02:13Z">
          <reporter-output>
          </reporter-output>
        </test-method> <!-- beforeMethod -->
        <test-method status="PASS" signature="myTestMethod3()[pri:0, instance:artifact1.Class1@b684286]" name="myTestMethod3" duration-ms="1" started-at="2017-08-19T19:02:13Z" finished-at="2017-08-19T19:02:13Z">
          <reporter-output>
          </reporter-output>
        </test-method> <!-- myTestMethod3 -->
        <test-method status="PASS" signature="afterMethod()[pri:0, instance:artifact1.Class1@b684286]" name="afterMethod" is-config="true" duration-ms="0" started-at="2017-08-19T19:02:13Z" finished-at="2017-08-19T19:02:13Z">
          <reporter-output>
          </reporter-output>
        </test-method> <!-- afterMethod -->
        <test-method status="PASS" signature="beforeMethod()[pri:0, instance:artifact1.Class1@b684286]" name="beforeMethod" is-config="true" duration-ms="0" started-at="2017-08-19T19:02:13Z" finished-at="2017-08-19T19:02:13Z">
          <reporter-output>
          </reporter-output>
        </test-method> <!-- beforeMethod -->
        <test-method status="PASS" signature="myTestMethod4()[pri:0, instance:artifact1.Class1@b684286]" name="myTestMethod4" duration-ms="1" started-at="2017-08-19T19:02:13Z" finished-at="2017-08-19T19:02:13Z">
          <reporter-output>
          </reporter-output>
        </test-method> <!-- myTestMethod4 -->
        <test-method status="PASS" signature="afterClass()[pri:0, instance:artifact1.Class1@b684286]" name="afterClass" is-config="true" duration-ms="1" started-at="2017-08-19T19:02:13Z" finished-at="2017-08-19T19:02:13Z">
          <reporter-output>
          </reporter-output>
        </test-method> <!-- afterClass -->
        <test-method status="PASS" signature="afterMethod()[pri:0, instance:artifact1.Class1@b684286]" name="afterMethod" is-config="true" duration-ms="0" started-at="2017-08-19T19:02:13Z" finished-at="2017-08-19T19:02:13Z">
          <reporter-output>
          </reporter-output>
        </test-method> <!-- afterMethod -->
        <test-method status="PASS" signature="afterTest()[pri:0, instance:artifact1.Class1@b684286]" name="afterTest" is-config="true" duration-ms="1" started-at="2017-08-19T19:02:13Z" finished-at="2017-08-19T19:02:13Z">
          <reporter-output>
          </reporter-output>
        </test-method> <!-- afterTest -->
        <test-method status="PASS" signature="afterSuite()[pri:0, instance:artifact1.Class1@b684286]" name="afterSuite" is-config="true" duration-ms="0" started-at="2017-08-19T19:02:13Z" finished-at="2017-08-19T19:02:13Z">
          <reporter-output>
          </reporter-output>
        </test-method> <!-- afterSuite -->
      </class> <!-- artifact1.Class1 -->
      <class name="artifact1.Class2">
        <test-method status="PASS" signature="Login1()[pri:0, instance:artifact1.Class2@880ec60]" name="Login1" duration-ms="6" started-at="2017-08-19T19:02:13Z" finished-at="2017-08-19T19:02:13Z">
          <reporter-output>
          </reporter-output>
        </test-method> <!-- Login1 -->
        <test-method status="PASS" signature="mul1()[pri:0, instance:artifact1.Class2@880ec60]" name="mul1" duration-ms="1" started-at="2017-08-19T19:02:13Z" finished-at="2017-08-19T19:02:13Z">
          <reporter-output>
          </reporter-output>
        </test-method> <!-- mul1 -->
        <test-method status="PASS" signature="sum1()[pri:0, instance:artifact1.Class2@880ec60]" name="sum1" duration-ms="0" started-at="2017-08-19T19:02:13Z" finished-at="2017-08-19T19:02:13Z">
          <reporter-output>
          </reporter-output>
        </test-method> <!-- sum1 -->
      </class> <!-- artifact1.Class2 -->
    </test> <!-- Test1-abc -->
  </suite> <!-- Suite -->
</testng-results>
